[2013-11-19 23:17:09] SquareTest::testNew.INFO: PASSED [] []
[2013-11-19 23:19:19] SquareTest::testNew.INFO: PASSED [] []
[2013-11-19 23:19:19] SquareTest::testRobotCanOccupy.ALERT: Failed asserting that true matches expected 'true'. [] []
[2013-11-19 23:19:19] SquareTest::testRobotCanOccupy.INFO: # FAILED # [] []
[2013-11-19 23:19:19] SquareTest::testRobotCanOccupy.INFO: PASSED [] []
[2013-11-19 23:19:33] SquareTest::testNew.INFO: PASSED [] []
[2013-11-19 23:19:33] SquareTest::testRobotCanOccupy.INFO: PASSED [] []
[2013-11-19 23:29:44] SquareTest::testNew.INFO: PASSED [] []
[2013-11-19 23:29:44] SquareTest::testRobotCanOccupy.INFO: PASSED [] []
[2013-11-19 23:29:44] TabletopTest::testNew.INFO: PASSED [] []
[2013-11-19 23:32:36] SquareTest::testNew.INFO: PASSED [] []
[2013-11-19 23:32:36] SquareTest::testRobotCanOccupy.INFO: PASSED [] []
[2013-11-19 23:32:36] TabletopTest::testNew.INFO: PASSED [] []
[2013-11-19 23:32:36] TabletopTest::testNewOnlyTakesInt.ALERT: Tabletop Object (...) does not match expected type "boolean". [] []
[2013-11-19 23:32:36] TabletopTest::testNewOnlyTakesInt.INFO: # FAILED # [] []
[2013-11-19 23:32:36] TabletopTest::testNewOnlyTakesInt.INFO: PASSED [] []
[2013-11-19 23:33:48] SquareTest::testNew.INFO: PASSED [] []
[2013-11-19 23:33:48] SquareTest::testRobotCanOccupy.INFO: PASSED [] []
[2013-11-19 23:33:48] TabletopTest::testNew.INFO: PASSED [] []
[2013-11-19 23:33:48] TabletopTest::testNewOnlyTakesInt.ALERT: Tabletop Object (...) does not match expected type "NULL". [] []
[2013-11-19 23:33:48] TabletopTest::testNewOnlyTakesInt.INFO: # FAILED # [] []
[2013-11-19 23:33:48] TabletopTest::testNewOnlyTakesInt.INFO: PASSED [] []
[2013-11-19 23:34:19] SquareTest::testNew.INFO: PASSED [] []
[2013-11-19 23:34:19] SquareTest::testRobotCanOccupy.INFO: PASSED [] []
[2013-11-19 23:34:19] TabletopTest::testNew.INFO: PASSED [] []
[2013-11-19 23:34:19] TabletopTest::testNewOnlyTakesInt.ALERT: Tabletop Object (...) does not match expected type "NULL". [] []
[2013-11-19 23:34:19] TabletopTest::testNewOnlyTakesInt.INFO: # FAILED # [] []
[2013-11-19 23:34:19] TabletopTest::testNewOnlyTakesInt.INFO: PASSED [] []
[2013-11-19 23:35:41] SquareTest::testNew.INFO: PASSED [] []
[2013-11-19 23:35:41] SquareTest::testRobotCanOccupy.INFO: PASSED [] []
[2013-11-19 23:35:41] TabletopTest::testNew.INFO: PASSED [] []
[2013-11-19 23:35:41] TabletopTest::testNewOnlyTakesInt.ALERT: Failed asserting that Tabletop Object (
    'xMax' => null
    'yMax' => null
) is null. [] []
[2013-11-19 23:35:41] TabletopTest::testNewOnlyTakesInt.INFO: # FAILED # [] []
[2013-11-19 23:35:41] TabletopTest::testNewOnlyTakesInt.INFO: PASSED [] []
[2013-11-19 23:37:58] SquareTest::testNew.INFO: PASSED [] []
[2013-11-19 23:37:58] SquareTest::testRobotCanOccupy.INFO: PASSED [] []
[2013-11-19 23:37:58] TabletopTest::testNew.INFO: PASSED [] []
[2013-11-19 23:37:58] TabletopTest::testNewOnlyTakesInt.ALERT: Failed asserting that Tabletop Object (
    'xMax' => null
    'yMax' => null
) is null. [] []
[2013-11-19 23:37:58] TabletopTest::testNewOnlyTakesInt.INFO: # FAILED # [] []
[2013-11-19 23:37:58] TabletopTest::testNewOnlyTakesInt.INFO: PASSED [] []
[2013-11-19 23:38:48] SquareTest::testNew.INFO: PASSED [] []
[2013-11-19 23:38:48] SquareTest::testRobotCanOccupy.INFO: PASSED [] []
[2013-11-19 23:38:48] TabletopTest::testNew.INFO: PASSED [] []
[2013-11-19 23:38:48] TabletopTest::testNewOnlyTakesInt.ALERT: Failed asserting that Tabletop Object (
    'xMax' => 'three'
    'yMax' => 'three'
) is null. [] []
[2013-11-19 23:38:48] TabletopTest::testNewOnlyTakesInt.INFO: # FAILED # [] []
[2013-11-19 23:38:48] TabletopTest::testNewOnlyTakesInt.INFO: PASSED [] []
[2013-11-19 23:39:16] SquareTest::testNew.INFO: PASSED [] []
[2013-11-19 23:39:16] SquareTest::testRobotCanOccupy.INFO: PASSED [] []
[2013-11-19 23:39:16] TabletopTest::testNew.INFO: PASSED [] []
[2013-11-19 23:39:16] TabletopTest::testNewOnlyTakesInt.ALERT: Failed asserting that Tabletop Object (
    'xMax' => null
    'yMax' => null
) is null. [] []
[2013-11-19 23:39:16] TabletopTest::testNewOnlyTakesInt.INFO: # FAILED # [] []
[2013-11-19 23:39:16] TabletopTest::testNewOnlyTakesInt.INFO: PASSED [] []
[2013-11-19 23:39:40] SquareTest::testNew.INFO: PASSED [] []
[2013-11-19 23:39:40] SquareTest::testRobotCanOccupy.INFO: PASSED [] []
[2013-11-19 23:39:40] TabletopTest::testNew.INFO: PASSED [] []
[2013-11-19 23:39:40] TabletopTest::testNewOnlyTakesInt.ALERT: Failed asserting that Tabletop Object (
    'xMax' => null
    'yMax' => null
) is null. [] []
[2013-11-19 23:39:40] TabletopTest::testNewOnlyTakesInt.INFO: # FAILED # [] []
[2013-11-19 23:39:40] TabletopTest::testNewOnlyTakesInt.INFO: PASSED [] []
[2013-11-19 23:40:14] SquareTest::testNew.INFO: PASSED [] []
[2013-11-19 23:40:14] SquareTest::testRobotCanOccupy.INFO: PASSED [] []
[2013-11-19 23:40:14] TabletopTest::testNew.INFO: PASSED [] []
[2013-11-19 23:40:14] TabletopTest::testNewOnlyTakesInt.ALERT: Failed asserting that Tabletop Object (
    'xMax' => null
    'yMax' => null
) is null. [] []
[2013-11-19 23:40:14] TabletopTest::testNewOnlyTakesInt.INFO: # FAILED # [] []
[2013-11-19 23:40:14] TabletopTest::testNewOnlyTakesInt.INFO: PASSED [] []
[2013-11-19 23:42:48] SquareTest::testNew.INFO: PASSED [] []
[2013-11-19 23:42:48] SquareTest::testRobotCanOccupy.INFO: PASSED [] []
[2013-11-19 23:42:48] TabletopTest::testNew.INFO: PASSED [] []
[2013-11-19 23:50:59] SquareTest::testNew.INFO: PASSED [] []
[2013-11-19 23:50:59] SquareTest::testRobotCanOccupy.INFO: PASSED [] []
[2013-11-19 23:50:59] TabletopTest::testNew.INFO: PASSED [] []
[2013-11-19 23:51:34] SquareTest::testNew.INFO: PASSED [] []
[2013-11-19 23:51:34] SquareTest::testRobotCanOccupy.INFO: PASSED [] []
[2013-11-19 23:51:34] TabletopTest::testNew.INFO: PASSED [] []
[2013-11-19 23:51:34] TabletopTest::testNewOnlyTakesInt.ALERT: Undefined variable: isValidObj [] []
[2013-11-19 23:51:34] TabletopTest::testNewOnlyTakesInt.INFO: # ERROR # [] []
[2013-11-19 23:51:34] TabletopTest::testNewOnlyTakesInt.INFO: PASSED [] []
[2013-11-19 23:52:30] SquareTest::testNew.INFO: PASSED [] []
[2013-11-19 23:52:30] SquareTest::testRobotCanOccupy.INFO: PASSED [] []
[2013-11-19 23:52:30] TabletopTest::testNew.INFO: PASSED [] []
[2013-11-19 23:53:02] SquareTest::testNew.INFO: PASSED [] []
[2013-11-19 23:53:02] SquareTest::testRobotCanOccupy.INFO: PASSED [] []
[2013-11-19 23:53:02] TabletopTest::testNew.INFO: PASSED [] []
[2013-11-19 23:53:02] TabletopTest::testNewOnlyTakesInt.INFO: PASSED [] []
[2013-11-19 23:55:05] SquareTest::testNew.INFO: PASSED [] []
[2013-11-19 23:55:05] SquareTest::testRobotCanOccupy.INFO: PASSED [] []
[2013-11-19 23:55:05] TabletopTest::testNew.INFO: PASSED [] []
